mod	trans_guid	split_guid	time_now	date_entered	date_posted	acc_guid	acc_name	num	description	notes	memo	action	reconciled	amount	value	date_reconciled
-----------------
===== START
B	63cd42213bc285837b2af9db8921144b	044c51808f6388ca445d3399aa409d80	2019-06-23 09:36:04	2017-04-25 10:59:59	2017-04-24 10:59:00	8b5d3793f6b30f12a040ff1cc202814c	4da9cbc980e644f326e42f2bc238abf3		Expat Salary		Traditional 401k		n	0/1	0/100	1970-01-01 00:00:00
B	63cd42213bc285837b2af9db8921144b	04c27e693b5441c2f71fdcdde86d9043	2019-06-23 09:36:04	2017-04-25 10:59:59	2017-04-24 10:59:00	8b5d3793f6b30f12a040ff1cc202814c	4da9cbc980e644f326e42f2bc238abf3		Expat Salary				n	0/1	0/100	1970-01-01 00:00:00
B	63cd42213bc285837b2af9db8921144b	1faa908a8dd9c0cedb7f89c1486ab3ef	2019-06-23 09:36:04	2017-04-25 10:59:59	2017-04-24 10:59:00	8b5d3793f6b30f12a040ff1cc202814c	4da9cbc980e644f326e42f2bc238abf3		Expat Salary				n	0/1	0/100	1970-01-01 00:00:00
B	63cd42213bc285837b2af9db8921144b	2e95d3ec8cc1726c69c9ef3a835b5262	2019-06-23 09:36:04	2017-04-25 10:59:59	2017-04-24 10:59:00	8b5d3793f6b30f12a040ff1cc202814c	4da9cbc980e644f326e42f2bc238abf3		Expat Salary				n	0/1	0/100	1970-01-01 00:00:00
B	63cd42213bc285837b2af9db8921144b	3d0d7fc5a940a3d4d4381ea279282628	2019-06-23 09:36:04	2017-04-25 10:59:59	2017-04-24 10:59:00	8b5d3793f6b30f12a040ff1cc202814c	4da9cbc980e644f326e42f2bc238abf3		Expat Salary				n	0/1	0/100	1970-01-01 00:00:00
B	63cd42213bc285837b2af9db8921144b	6363791e38712d3b9d943e6f006b567f	2019-06-23 09:36:04	2017-04-25 10:59:59	2017-04-24 10:59:00	8b5d3793f6b30f12a040ff1cc202814c	4da9cbc980e644f326e42f2bc238abf3		Expat Salary		housing norm		n	0/1	0/100	1970-01-01 00:00:00
B	63cd42213bc285837b2af9db8921144b	a3e161e6998d0dddde644456e8b2ead5	2019-06-23 09:36:04	2017-04-25 10:59:59	2017-04-24 10:59:00	8b5d3793f6b30f12a040ff1cc202814c	4da9cbc980e644f326e42f2bc238abf3		Expat Salary				n	0/1	0/100	1970-01-01 00:00:00
B	63cd42213bc285837b2af9db8921144b	abdec2b15525552024087713356ab38f	2019-06-23 09:36:04	2017-04-25 10:59:59	2017-04-24 10:59:00	8b5d3793f6b30f12a040ff1cc202814c	4da9cbc980e644f326e42f2bc238abf3		Expat Salary				n	0/1	0/100	1970-01-01 00:00:00
B	63cd42213bc285837b2af9db8921144b	cfe84e58ce87887f2ddf660447c3bbf0	2019-06-23 09:36:04	2017-04-25 10:59:59	2017-04-24 10:59:00	8b5d3793f6b30f12a040ff1cc202814c	4da9cbc980e644f326e42f2bc238abf3		Expat Salary				n	0/1	0/100	1970-01-01 00:00:00
B	63cd42213bc285837b2af9db8921144b	f74420dd3d60feb9bedd7a7bd32e031a	2019-06-23 09:36:04	2017-04-25 10:59:59	2017-04-24 10:59:00	8b5d3793f6b30f12a040ff1cc202814c	4da9cbc980e644f326e42f2bc238abf3		Expat Salary				n	0/1	0/100	1970-01-01 00:00:00
===== END
===== START
R	63cd42213bc285837b2af9db8921144b	044c51808f6388ca445d3399aa409d80	2019-06-23 09:36:04	2017-04-25 10:59:59	2017-04-24 10:59:00	8b5d3793f6b30f12a040ff1cc202814c	4da9cbc980e644f326e42f2bc238abf3		Expat Salary		Traditional 401k		n	0/1	0/100	1970-01-01 00:00:00
R	63cd42213bc285837b2af9db8921144b	04c27e693b5441c2f71fdcdde86d9043	2019-06-23 09:36:04	2017-04-25 10:59:59	2017-04-24 10:59:00	8b5d3793f6b30f12a040ff1cc202814c	4da9cbc980e644f326e42f2bc238abf3		Expat Salary				n	0/1	0/100	1970-01-01 00:00:00
R	63cd42213bc285837b2af9db8921144b	1faa908a8dd9c0cedb7f89c1486ab3ef	2019-06-23 09:36:04	2017-04-25 10:59:59	2017-04-24 10:59:00	8b5d3793f6b30f12a040ff1cc202814c	4da9cbc980e644f326e42f2bc238abf3		Expat Salary				n	0/1	0/100	1970-01-01 00:00:00
R	63cd42213bc285837b2af9db8921144b	2e95d3ec8cc1726c69c9ef3a835b5262	2019-06-23 09:36:04	2017-04-25 10:59:59	2017-04-24 10:59:00	8b5d3793f6b30f12a040ff1cc202814c	4da9cbc980e644f326e42f2bc238abf3		Expat Salary				n	0/1	0/100	1970-01-01 00:00:00
R	63cd42213bc285837b2af9db8921144b	3d0d7fc5a940a3d4d4381ea279282628	2019-06-23 09:36:04	2017-04-25 10:59:59	2017-04-24 10:59:00	8b5d3793f6b30f12a040ff1cc202814c	4da9cbc980e644f326e42f2bc238abf3		Expat Salary				n	0/1	0/100	1970-01-01 00:00:00
R	63cd42213bc285837b2af9db8921144b	6363791e38712d3b9d943e6f006b567f	2019-06-23 09:36:04	2017-04-25 10:59:59	2017-04-24 10:59:00	8b5d3793f6b30f12a040ff1cc202814c	4da9cbc980e644f326e42f2bc238abf3		Expat Salary		housing norm		n	0/1	0/100	1970-01-01 00:00:00
R	63cd42213bc285837b2af9db8921144b	a3e161e6998d0dddde644456e8b2ead5	2019-06-23 09:36:04	2017-04-25 10:59:59	2017-04-24 10:59:00	8b5d3793f6b30f12a040ff1cc202814c	4da9cbc980e644f326e42f2bc238abf3		Expat Salary				n	0/1	0/100	1970-01-01 00:00:00
R	63cd42213bc285837b2af9db8921144b	abdec2b15525552024087713356ab38f	2019-06-23 09:36:04	2017-04-25 10:59:59	2017-04-24 10:59:00	8b5d3793f6b30f12a040ff1cc202814c	4da9cbc980e644f326e42f2bc238abf3		Expat Salary				n	0/1	0/100	1970-01-01 00:00:00
R	63cd42213bc285837b2af9db8921144b	cfe84e58ce87887f2ddf660447c3bbf0	2019-06-23 09:36:04	2017-04-25 10:59:59	2017-04-24 10:59:00	8b5d3793f6b30f12a040ff1cc202814c	4da9cbc980e644f326e42f2bc238abf3		Expat Salary				n	0/1	0/100	1970-01-01 00:00:00
R	63cd42213bc285837b2af9db8921144b	f74420dd3d60feb9bedd7a7bd32e031a	2019-06-23 09:36:04	2017-04-25 10:59:59	2017-04-24 10:59:00	8b5d3793f6b30f12a040ff1cc202814c	4da9cbc980e644f326e42f2bc238abf3		Expat Salary				n	0/1	0/100	1970-01-01 00:00:00
===== END
===== START
B	63cd42213bc285837b2af9db8921144b	044c51808f6388ca445d3399aa409d80	2019-06-23 09:36:04	2017-04-25 10:59:59	2017-04-24 10:59:00	8b5d3793f6b30f12a040ff1cc202814c	4da9cbc980e644f326e42f2bc238abf3		Expat Salary		Traditional 401k		n	0/1	0/100	1970-01-01 00:00:00
B	63cd42213bc285837b2af9db8921144b	04c27e693b5441c2f71fdcdde86d9043	2019-06-23 09:36:04	2017-04-25 10:59:59	2017-04-24 10:59:00	8b5d3793f6b30f12a040ff1cc202814c	4da9cbc980e644f326e42f2bc238abf3		Expat Salary				n	0/1	0/100	1970-01-01 00:00:00
B	63cd42213bc285837b2af9db8921144b	1faa908a8dd9c0cedb7f89c1486ab3ef	2019-06-23 09:36:04	2017-04-25 10:59:59	2017-04-24 10:59:00	8b5d3793f6b30f12a040ff1cc202814c	4da9cbc980e644f326e42f2bc238abf3		Expat Salary				n	0/1	0/100	1970-01-01 00:00:00
B	63cd42213bc285837b2af9db8921144b	2e95d3ec8cc1726c69c9ef3a835b5262	2019-06-23 09:36:04	2017-04-25 10:59:59	2017-04-24 10:59:00	8b5d3793f6b30f12a040ff1cc202814c	4da9cbc980e644f326e42f2bc238abf3		Expat Salary				n	0/1	0/100	1970-01-01 00:00:00
B	63cd42213bc285837b2af9db8921144b	3d0d7fc5a940a3d4d4381ea279282628	2019-06-23 09:36:04	2017-04-25 10:59:59	2017-04-24 10:59:00	8b5d3793f6b30f12a040ff1cc202814c	4da9cbc980e644f326e42f2bc238abf3		Expat Salary				n	0/1	0/100	1970-01-01 00:00:00
B	63cd42213bc285837b2af9db8921144b	6363791e38712d3b9d943e6f006b567f	2019-06-23 09:36:04	2017-04-25 10:59:59	2017-04-24 10:59:00	8b5d3793f6b30f12a040ff1cc202814c	4da9cbc980e644f326e42f2bc238abf3		Expat Salary		housing norm		n	0/1	0/100	1970-01-01 00:00:00
B	63cd42213bc285837b2af9db8921144b	a3e161e6998d0dddde644456e8b2ead5	2019-06-23 09:36:04	2017-04-25 10:59:59	2017-04-24 10:59:00	8b5d3793f6b30f12a040ff1cc202814c	4da9cbc980e644f326e42f2bc238abf3		Expat Salary				n	0/1	0/100	1970-01-01 00:00:00
B	63cd42213bc285837b2af9db8921144b	abdec2b15525552024087713356ab38f	2019-06-23 09:36:04	2017-04-25 10:59:59	2017-04-24 10:59:00	8b5d3793f6b30f12a040ff1cc202814c	4da9cbc980e644f326e42f2bc238abf3		Expat Salary				n	0/1	0/100	1970-01-01 00:00:00
B	63cd42213bc285837b2af9db8921144b	cfe84e58ce87887f2ddf660447c3bbf0	2019-06-23 09:36:04	2017-04-25 10:59:59	2017-04-24 10:59:00	8b5d3793f6b30f12a040ff1cc202814c	4da9cbc980e644f326e42f2bc238abf3		Expat Salary				n	0/1	0/100	1970-01-01 00:00:00
B	63cd42213bc285837b2af9db8921144b	f74420dd3d60feb9bedd7a7bd32e031a	2019-06-23 09:36:04	2017-04-25 10:59:59	2017-04-24 10:59:00	8b5d3793f6b30f12a040ff1cc202814c	4da9cbc980e644f326e42f2bc238abf3		Expat Salary				n	0/1	0/100	1970-01-01 00:00:00
===== END
===== START
R	63cd42213bc285837b2af9db8921144b	044c51808f6388ca445d3399aa409d80	2019-06-23 09:36:04	2017-04-25 10:59:59	2017-04-24 10:59:00	8b5d3793f6b30f12a040ff1cc202814c	4da9cbc980e644f326e42f2bc238abf3		Expat Salary		Traditional 401k		n	0/1	0/100	1970-01-01 00:00:00
R	63cd42213bc285837b2af9db8921144b	04c27e693b5441c2f71fdcdde86d9043	2019-06-23 09:36:04	2017-04-25 10:59:59	2017-04-24 10:59:00	8b5d3793f6b30f12a040ff1cc202814c	4da9cbc980e644f326e42f2bc238abf3		Expat Salary				n	0/1	0/100	1970-01-01 00:00:00
R	63cd42213bc285837b2af9db8921144b	1faa908a8dd9c0cedb7f89c1486ab3ef	2019-06-23 09:36:04	2017-04-25 10:59:59	2017-04-24 10:59:00	8b5d3793f6b30f12a040ff1cc202814c	4da9cbc980e644f326e42f2bc238abf3		Expat Salary				n	0/1	0/100	1970-01-01 00:00:00
R	63cd42213bc285837b2af9db8921144b	2e95d3ec8cc1726c69c9ef3a835b5262	2019-06-23 09:36:04	2017-04-25 10:59:59	2017-04-24 10:59:00	8b5d3793f6b30f12a040ff1cc202814c	4da9cbc980e644f326e42f2bc238abf3		Expat Salary				n	0/1	0/100	1970-01-01 00:00:00
R	63cd42213bc285837b2af9db8921144b	3d0d7fc5a940a3d4d4381ea279282628	2019-06-23 09:36:04	2017-04-25 10:59:59	2017-04-24 10:59:00	8b5d3793f6b30f12a040ff1cc202814c	4da9cbc980e644f326e42f2bc238abf3		Expat Salary				n	0/1	0/100	1970-01-01 00:00:00
R	63cd42213bc285837b2af9db8921144b	6363791e38712d3b9d943e6f006b567f	2019-06-23 09:36:04	2017-04-25 10:59:59	2017-04-24 10:59:00	8b5d3793f6b30f12a040ff1cc202814c	4da9cbc980e644f326e42f2bc238abf3		Expat Salary		housing norm		n	0/1	0/100	1970-01-01 00:00:00
R	63cd42213bc285837b2af9db8921144b	a3e161e6998d0dddde644456e8b2ead5	2019-06-23 09:36:04	2017-04-25 10:59:59	2017-04-24 10:59:00	8b5d3793f6b30f12a040ff1cc202814c	4da9cbc980e644f326e42f2bc238abf3		Expat Salary				n	0/1	0/100	1970-01-01 00:00:00
R	63cd42213bc285837b2af9db8921144b	abdec2b15525552024087713356ab38f	2019-06-23 09:36:04	2017-04-25 10:59:59	2017-04-24 10:59:00	8b5d3793f6b30f12a040ff1cc202814c	4da9cbc980e644f326e42f2bc238abf3		Expat Salary				n	0/1	0/100	1970-01-01 00:00:00
R	63cd42213bc285837b2af9db8921144b	cfe84e58ce87887f2ddf660447c3bbf0	2019-06-23 09:36:04	2017-04-25 10:59:59	2017-04-24 10:59:00	8b5d3793f6b30f12a040ff1cc202814c	4da9cbc980e644f326e42f2bc238abf3		Expat Salary				n	0/1	0/100	1970-01-01 00:00:00
R	63cd42213bc285837b2af9db8921144b	f74420dd3d60feb9bedd7a7bd32e031a	2019-06-23 09:36:04	2017-04-25 10:59:59	2017-04-24 10:59:00	8b5d3793f6b30f12a040ff1cc202814c	4da9cbc980e644f326e42f2bc238abf3		Expat Salary				n	0/1	0/100	1970-01-01 00:00:00
===== END
===== START
B	63cd42213bc285837b2af9db8921144b	044c51808f6388ca445d3399aa409d80	2019-06-23 09:36:04	2017-04-25 10:59:59	2017-04-24 10:59:00	8b5d3793f6b30f12a040ff1cc202814c	4da9cbc980e644f326e42f2bc238abf3		Expat Salary		Traditional 401k		n	0/1	0/100	1970-01-01 00:00:00
B	63cd42213bc285837b2af9db8921144b	04c27e693b5441c2f71fdcdde86d9043	2019-06-23 09:36:04	2017-04-25 10:59:59	2017-04-24 10:59:00	8b5d3793f6b30f12a040ff1cc202814c	4da9cbc980e644f326e42f2bc238abf3		Expat Salary				n	0/1	0/100	1970-01-01 00:00:00
B	63cd42213bc285837b2af9db8921144b	1faa908a8dd9c0cedb7f89c1486ab3ef	2019-06-23 09:36:04	2017-04-25 10:59:59	2017-04-24 10:59:00	8b5d3793f6b30f12a040ff1cc202814c	4da9cbc980e644f326e42f2bc238abf3		Expat Salary				n	0/1	0/100	1970-01-01 00:00:00
B	63cd42213bc285837b2af9db8921144b	2e95d3ec8cc1726c69c9ef3a835b5262	2019-06-23 09:36:04	2017-04-25 10:59:59	2017-04-24 10:59:00	8b5d3793f6b30f12a040ff1cc202814c	4da9cbc980e644f326e42f2bc238abf3		Expat Salary				n	0/1	0/100	1970-01-01 00:00:00
B	63cd42213bc285837b2af9db8921144b	3d0d7fc5a940a3d4d4381ea279282628	2019-06-23 09:36:04	2017-04-25 10:59:59	2017-04-24 10:59:00	8b5d3793f6b30f12a040ff1cc202814c	4da9cbc980e644f326e42f2bc238abf3		Expat Salary				n	0/1	0/100	1970-01-01 00:00:00
B	63cd42213bc285837b2af9db8921144b	6363791e38712d3b9d943e6f006b567f	2019-06-23 09:36:04	2017-04-25 10:59:59	2017-04-24 10:59:00	8b5d3793f6b30f12a040ff1cc202814c	4da9cbc980e644f326e42f2bc238abf3		Expat Salary		housing norm		n	0/1	0/100	1970-01-01 00:00:00
B	63cd42213bc285837b2af9db8921144b	a3e161e6998d0dddde644456e8b2ead5	2019-06-23 09:36:04	2017-04-25 10:59:59	2017-04-24 10:59:00	8b5d3793f6b30f12a040ff1cc202814c	4da9cbc980e644f326e42f2bc238abf3		Expat Salary				n	0/1	0/100	1970-01-01 00:00:00
B	63cd42213bc285837b2af9db8921144b	abdec2b15525552024087713356ab38f	2019-06-23 09:36:04	2017-04-25 10:59:59	2017-04-24 10:59:00	8b5d3793f6b30f12a040ff1cc202814c	4da9cbc980e644f326e42f2bc238abf3		Expat Salary				n	0/1	0/100	1970-01-01 00:00:00
B	63cd42213bc285837b2af9db8921144b	cfe84e58ce87887f2ddf660447c3bbf0	2019-06-23 09:36:04	2017-04-25 10:59:59	2017-04-24 10:59:00	8b5d3793f6b30f12a040ff1cc202814c	4da9cbc980e644f326e42f2bc238abf3		Expat Salary				n	0/1	0/100	1970-01-01 00:00:00
B	63cd42213bc285837b2af9db8921144b	f74420dd3d60feb9bedd7a7bd32e031a	2019-06-23 09:36:04	2017-04-25 10:59:59	2017-04-24 10:59:00	8b5d3793f6b30f12a040ff1cc202814c	4da9cbc980e644f326e42f2bc238abf3		Expat Salary				n	0/1	0/100	1970-01-01 00:00:00
===== END
===== START
R	63cd42213bc285837b2af9db8921144b	044c51808f6388ca445d3399aa409d80	2019-06-23 09:36:04	2017-04-25 10:59:59	2017-04-24 10:59:00	8b5d3793f6b30f12a040ff1cc202814c	4da9cbc980e644f326e42f2bc238abf3		Expat Salary		Traditional 401k		n	0/1	0/100	1970-01-01 00:00:00
R	63cd42213bc285837b2af9db8921144b	04c27e693b5441c2f71fdcdde86d9043	2019-06-23 09:36:04	2017-04-25 10:59:59	2017-04-24 10:59:00	8b5d3793f6b30f12a040ff1cc202814c	4da9cbc980e644f326e42f2bc238abf3		Expat Salary				n	0/1	0/100	1970-01-01 00:00:00
R	63cd42213bc285837b2af9db8921144b	1faa908a8dd9c0cedb7f89c1486ab3ef	2019-06-23 09:36:04	2017-04-25 10:59:59	2017-04-24 10:59:00	8b5d3793f6b30f12a040ff1cc202814c	4da9cbc980e644f326e42f2bc238abf3		Expat Salary				n	0/1	0/100	1970-01-01 00:00:00
R	63cd42213bc285837b2af9db8921144b	2e95d3ec8cc1726c69c9ef3a835b5262	2019-06-23 09:36:04	2017-04-25 10:59:59	2017-04-24 10:59:00	8b5d3793f6b30f12a040ff1cc202814c	4da9cbc980e644f326e42f2bc238abf3		Expat Salary				n	0/1	0/100	1970-01-01 00:00:00
R	63cd42213bc285837b2af9db8921144b	3d0d7fc5a940a3d4d4381ea279282628	2019-06-23 09:36:04	2017-04-25 10:59:59	2017-04-24 10:59:00	8b5d3793f6b30f12a040ff1cc202814c	4da9cbc980e644f326e42f2bc238abf3		Expat Salary				n	0/1	0/100	1970-01-01 00:00:00
R	63cd42213bc285837b2af9db8921144b	6363791e38712d3b9d943e6f006b567f	2019-06-23 09:36:04	2017-04-25 10:59:59	2017-04-24 10:59:00	8b5d3793f6b30f12a040ff1cc202814c	4da9cbc980e644f326e42f2bc238abf3		Expat Salary		housing norm		n	0/1	0/100	1970-01-01 00:00:00
R	63cd42213bc285837b2af9db8921144b	a3e161e6998d0dddde644456e8b2ead5	2019-06-23 09:36:04	2017-04-25 10:59:59	2017-04-24 10:59:00	8b5d3793f6b30f12a040ff1cc202814c	4da9cbc980e644f326e42f2bc238abf3		Expat Salary				n	0/1	0/100	1970-01-01 00:00:00
R	63cd42213bc285837b2af9db8921144b	abdec2b15525552024087713356ab38f	2019-06-23 09:36:04	2017-04-25 10:59:59	2017-04-24 10:59:00	8b5d3793f6b30f12a040ff1cc202814c	4da9cbc980e644f326e42f2bc238abf3		Expat Salary				n	0/1	0/100	1970-01-01 00:00:00
R	63cd42213bc285837b2af9db8921144b	cfe84e58ce87887f2ddf660447c3bbf0	2019-06-23 09:36:04	2017-04-25 10:59:59	2017-04-24 10:59:00	8b5d3793f6b30f12a040ff1cc202814c	4da9cbc980e644f326e42f2bc238abf3		Expat Salary				n	0/1	0/100	1970-01-01 00:00:00
R	63cd42213bc285837b2af9db8921144b	f74420dd3d60feb9bedd7a7bd32e031a	2019-06-23 09:36:04	2017-04-25 10:59:59	2017-04-24 10:59:00	8b5d3793f6b30f12a040ff1cc202814c	4da9cbc980e644f326e42f2bc238abf3		Expat Salary				n	0/1	0/100	1970-01-01 00:00:00
===== END
===== START
B	63cd42213bc285837b2af9db8921144b	044c51808f6388ca445d3399aa409d80	2019-06-23 09:36:04	2017-04-25 10:59:59	2017-04-24 10:59:00	8b5d3793f6b30f12a040ff1cc202814c	4da9cbc980e644f326e42f2bc238abf3		Expat Salary		Traditional 401k		n	0/1	0/100	1970-01-01 00:00:00
B	63cd42213bc285837b2af9db8921144b	04c27e693b5441c2f71fdcdde86d9043	2019-06-23 09:36:04	2017-04-25 10:59:59	2017-04-24 10:59:00	8b5d3793f6b30f12a040ff1cc202814c	4da9cbc980e644f326e42f2bc238abf3		Expat Salary				n	0/1	0/100	1970-01-01 00:00:00
B	63cd42213bc285837b2af9db8921144b	1faa908a8dd9c0cedb7f89c1486ab3ef	2019-06-23 09:36:04	2017-04-25 10:59:59	2017-04-24 10:59:00	8b5d3793f6b30f12a040ff1cc202814c	4da9cbc980e644f326e42f2bc238abf3		Expat Salary				n	0/1	0/100	1970-01-01 00:00:00
B	63cd42213bc285837b2af9db8921144b	2e95d3ec8cc1726c69c9ef3a835b5262	2019-06-23 09:36:04	2017-04-25 10:59:59	2017-04-24 10:59:00	8b5d3793f6b30f12a040ff1cc202814c	4da9cbc980e644f326e42f2bc238abf3		Expat Salary				n	0/1	0/100	1970-01-01 00:00:00
B	63cd42213bc285837b2af9db8921144b	3d0d7fc5a940a3d4d4381ea279282628	2019-06-23 09:36:04	2017-04-25 10:59:59	2017-04-24 10:59:00	8b5d3793f6b30f12a040ff1cc202814c	4da9cbc980e644f326e42f2bc238abf3		Expat Salary				n	0/1	0/100	1970-01-01 00:00:00
B	63cd42213bc285837b2af9db8921144b	6363791e38712d3b9d943e6f006b567f	2019-06-23 09:36:04	2017-04-25 10:59:59	2017-04-24 10:59:00	8b5d3793f6b30f12a040ff1cc202814c	4da9cbc980e644f326e42f2bc238abf3		Expat Salary		housing norm		n	0/1	0/100	1970-01-01 00:00:00
B	63cd42213bc285837b2af9db8921144b	a3e161e6998d0dddde644456e8b2ead5	2019-06-23 09:36:04	2017-04-25 10:59:59	2017-04-24 10:59:00	8b5d3793f6b30f12a040ff1cc202814c	4da9cbc980e644f326e42f2bc238abf3		Expat Salary				n	0/1	0/100	1970-01-01 00:00:00
B	63cd42213bc285837b2af9db8921144b	abdec2b15525552024087713356ab38f	2019-06-23 09:36:04	2017-04-25 10:59:59	2017-04-24 10:59:00	8b5d3793f6b30f12a040ff1cc202814c	4da9cbc980e644f326e42f2bc238abf3		Expat Salary				n	0/1	0/100	1970-01-01 00:00:00
B	63cd42213bc285837b2af9db8921144b	cfe84e58ce87887f2ddf660447c3bbf0	2019-06-23 09:36:04	2017-04-25 10:59:59	2017-04-24 10:59:00	8b5d3793f6b30f12a040ff1cc202814c	4da9cbc980e644f326e42f2bc238abf3		Expat Salary				n	0/1	0/100	1970-01-01 00:00:00
B	63cd42213bc285837b2af9db8921144b	f74420dd3d60feb9bedd7a7bd32e031a	2019-06-23 09:36:04	2017-04-25 10:59:59	2017-04-24 10:59:00	8b5d3793f6b30f12a040ff1cc202814c	4da9cbc980e644f326e42f2bc238abf3		Expat Salary				n	0/1	0/100	1970-01-01 00:00:00
===== END
===== START
R	63cd42213bc285837b2af9db8921144b	044c51808f6388ca445d3399aa409d80	2019-06-23 09:36:04	2017-04-25 10:59:59	2017-04-24 10:59:00	8b5d3793f6b30f12a040ff1cc202814c	4da9cbc980e644f326e42f2bc238abf3		Expat Salary		Traditional 401k		n	0/1	0/100	1970-01-01 00:00:00
R	63cd42213bc285837b2af9db8921144b	04c27e693b5441c2f71fdcdde86d9043	2019-06-23 09:36:04	2017-04-25 10:59:59	2017-04-24 10:59:00	8b5d3793f6b30f12a040ff1cc202814c	4da9cbc980e644f326e42f2bc238abf3		Expat Salary				n	0/1	0/100	1970-01-01 00:00:00
R	63cd42213bc285837b2af9db8921144b	1faa908a8dd9c0cedb7f89c1486ab3ef	2019-06-23 09:36:04	2017-04-25 10:59:59	2017-04-24 10:59:00	8b5d3793f6b30f12a040ff1cc202814c	4da9cbc980e644f326e42f2bc238abf3		Expat Salary				n	0/1	0/100	1970-01-01 00:00:00
R	63cd42213bc285837b2af9db8921144b	2e95d3ec8cc1726c69c9ef3a835b5262	2019-06-23 09:36:04	2017-04-25 10:59:59	2017-04-24 10:59:00	8b5d3793f6b30f12a040ff1cc202814c	4da9cbc980e644f326e42f2bc238abf3		Expat Salary				n	0/1	0/100	1970-01-01 00:00:00
R	63cd42213bc285837b2af9db8921144b	3d0d7fc5a940a3d4d4381ea279282628	2019-06-23 09:36:04	2017-04-25 10:59:59	2017-04-24 10:59:00	8b5d3793f6b30f12a040ff1cc202814c	4da9cbc980e644f326e42f2bc238abf3		Expat Salary				n	0/1	0/100	1970-01-01 00:00:00
R	63cd42213bc285837b2af9db8921144b	6363791e38712d3b9d943e6f006b567f	2019-06-23 09:36:04	2017-04-25 10:59:59	2017-04-24 10:59:00	8b5d3793f6b30f12a040ff1cc202814c	4da9cbc980e644f326e42f2bc238abf3		Expat Salary		housing norm		n	0/1	0/100	1970-01-01 00:00:00
R	63cd42213bc285837b2af9db8921144b	a3e161e6998d0dddde644456e8b2ead5	2019-06-23 09:36:04	2017-04-25 10:59:59	2017-04-24 10:59:00	8b5d3793f6b30f12a040ff1cc202814c	4da9cbc980e644f326e42f2bc238abf3		Expat Salary				n	0/1	0/100	1970-01-01 00:00:00
R	63cd42213bc285837b2af9db8921144b	abdec2b15525552024087713356ab38f	2019-06-23 09:36:04	2017-04-25 10:59:59	2017-04-24 10:59:00	8b5d3793f6b30f12a040ff1cc202814c	4da9cbc980e644f326e42f2bc238abf3		Expat Salary				n	0/1	0/100	1970-01-01 00:00:00
R	63cd42213bc285837b2af9db8921144b	cfe84e58ce87887f2ddf660447c3bbf0	2019-06-23 09:36:04	2017-04-25 10:59:59	2017-04-24 10:59:00	8b5d3793f6b30f12a040ff1cc202814c	4da9cbc980e644f326e42f2bc238abf3		Expat Salary				n	0/1	0/100	1970-01-01 00:00:00
R	63cd42213bc285837b2af9db8921144b	f74420dd3d60feb9bedd7a7bd32e031a	2019-06-23 09:36:04	2017-04-25 10:59:59	2017-04-24 10:59:00	8b5d3793f6b30f12a040ff1cc202814c	4da9cbc980e644f326e42f2bc238abf3		Expat Salary				n	0/1	0/100	1970-01-01 00:00:00
===== END
===== START
B	63cd42213bc285837b2af9db8921144b	044c51808f6388ca445d3399aa409d80	2019-06-23 09:36:04	2017-04-25 10:59:59	2017-04-24 10:59:00	8b5d3793f6b30f12a040ff1cc202814c	4da9cbc980e644f326e42f2bc238abf3		Expat Salary		Traditional 401k		n	0/1	0/100	1970-01-01 00:00:00
B	63cd42213bc285837b2af9db8921144b	04c27e693b5441c2f71fdcdde86d9043	2019-06-23 09:36:04	2017-04-25 10:59:59	2017-04-24 10:59:00	8b5d3793f6b30f12a040ff1cc202814c	4da9cbc980e644f326e42f2bc238abf3		Expat Salary				n	0/1	0/100	1970-01-01 00:00:00
B	63cd42213bc285837b2af9db8921144b	1faa908a8dd9c0cedb7f89c1486ab3ef	2019-06-23 09:36:04	2017-04-25 10:59:59	2017-04-24 10:59:00	8b5d3793f6b30f12a040ff1cc202814c	4da9cbc980e644f326e42f2bc238abf3		Expat Salary				n	0/1	0/100	1970-01-01 00:00:00
B	63cd42213bc285837b2af9db8921144b	2e95d3ec8cc1726c69c9ef3a835b5262	2019-06-23 09:36:04	2017-04-25 10:59:59	2017-04-24 10:59:00	8b5d3793f6b30f12a040ff1cc202814c	4da9cbc980e644f326e42f2bc238abf3		Expat Salary				n	0/1	0/100	1970-01-01 00:00:00
B	63cd42213bc285837b2af9db8921144b	3d0d7fc5a940a3d4d4381ea279282628	2019-06-23 09:36:04	2017-04-25 10:59:59	2017-04-24 10:59:00	8b5d3793f6b30f12a040ff1cc202814c	4da9cbc980e644f326e42f2bc238abf3		Expat Salary				n	0/1	0/100	1970-01-01 00:00:00
B	63cd42213bc285837b2af9db8921144b	6363791e38712d3b9d943e6f006b567f	2019-06-23 09:36:04	2017-04-25 10:59:59	2017-04-24 10:59:00	8b5d3793f6b30f12a040ff1cc202814c	4da9cbc980e644f326e42f2bc238abf3		Expat Salary		housing norm		n	0/1	0/100	1970-01-01 00:00:00
B	63cd42213bc285837b2af9db8921144b	a3e161e6998d0dddde644456e8b2ead5	2019-06-23 09:36:04	2017-04-25 10:59:59	2017-04-24 10:59:00	8b5d3793f6b30f12a040ff1cc202814c	4da9cbc980e644f326e42f2bc238abf3		Expat Salary				n	0/1	0/100	1970-01-01 00:00:00
B	63cd42213bc285837b2af9db8921144b	abdec2b15525552024087713356ab38f	2019-06-23 09:36:04	2017-04-25 10:59:59	2017-04-24 10:59:00	8b5d3793f6b30f12a040ff1cc202814c	4da9cbc980e644f326e42f2bc238abf3		Expat Salary				n	0/1	0/100	1970-01-01 00:00:00
B	63cd42213bc285837b2af9db8921144b	cfe84e58ce87887f2ddf660447c3bbf0	2019-06-23 09:36:04	2017-04-25 10:59:59	2017-04-24 10:59:00	8b5d3793f6b30f12a040ff1cc202814c	4da9cbc980e644f326e42f2bc238abf3		Expat Salary				n	0/1	0/100	1970-01-01 00:00:00
B	63cd42213bc285837b2af9db8921144b	f74420dd3d60feb9bedd7a7bd32e031a	2019-06-23 09:36:04	2017-04-25 10:59:59	2017-04-24 10:59:00	8b5d3793f6b30f12a040ff1cc202814c	4da9cbc980e644f326e42f2bc238abf3		Expat Salary				n	0/1	0/100	1970-01-01 00:00:00
===== END
===== START
R	63cd42213bc285837b2af9db8921144b	044c51808f6388ca445d3399aa409d80	2019-06-23 09:36:04	2017-04-25 10:59:59	2017-04-24 10:59:00	8b5d3793f6b30f12a040ff1cc202814c	4da9cbc980e644f326e42f2bc238abf3		Expat Salary		Traditional 401k		n	0/1	0/100	1970-01-01 00:00:00
R	63cd42213bc285837b2af9db8921144b	04c27e693b5441c2f71fdcdde86d9043	2019-06-23 09:36:04	2017-04-25 10:59:59	2017-04-24 10:59:00	8b5d3793f6b30f12a040ff1cc202814c	4da9cbc980e644f326e42f2bc238abf3		Expat Salary				n	0/1	0/100	1970-01-01 00:00:00
R	63cd42213bc285837b2af9db8921144b	1faa908a8dd9c0cedb7f89c1486ab3ef	2019-06-23 09:36:04	2017-04-25 10:59:59	2017-04-24 10:59:00	8b5d3793f6b30f12a040ff1cc202814c	4da9cbc980e644f326e42f2bc238abf3		Expat Salary				n	0/1	0/100	1970-01-01 00:00:00
R	63cd42213bc285837b2af9db8921144b	2e95d3ec8cc1726c69c9ef3a835b5262	2019-06-23 09:36:04	2017-04-25 10:59:59	2017-04-24 10:59:00	8b5d3793f6b30f12a040ff1cc202814c	4da9cbc980e644f326e42f2bc238abf3		Expat Salary				n	0/1	0/100	1970-01-01 00:00:00
R	63cd42213bc285837b2af9db8921144b	3d0d7fc5a940a3d4d4381ea279282628	2019-06-23 09:36:04	2017-04-25 10:59:59	2017-04-24 10:59:00	8b5d3793f6b30f12a040ff1cc202814c	4da9cbc980e644f326e42f2bc238abf3		Expat Salary				n	0/1	0/100	1970-01-01 00:00:00
R	63cd42213bc285837b2af9db8921144b	6363791e38712d3b9d943e6f006b567f	2019-06-23 09:36:04	2017-04-25 10:59:59	2017-04-24 10:59:00	8b5d3793f6b30f12a040ff1cc202814c	4da9cbc980e644f326e42f2bc238abf3		Expat Salary		housing norm		n	0/1	0/100	1970-01-01 00:00:00
R	63cd42213bc285837b2af9db8921144b	a3e161e6998d0dddde644456e8b2ead5	2019-06-23 09:36:04	2017-04-25 10:59:59	2017-04-24 10:59:00	8b5d3793f6b30f12a040ff1cc202814c	4da9cbc980e644f326e42f2bc238abf3		Expat Salary				n	0/1	0/100	1970-01-01 00:00:00
R	63cd42213bc285837b2af9db8921144b	abdec2b15525552024087713356ab38f	2019-06-23 09:36:04	2017-04-25 10:59:59	2017-04-24 10:59:00	8b5d3793f6b30f12a040ff1cc202814c	4da9cbc980e644f326e42f2bc238abf3		Expat Salary				n	0/1	0/100	1970-01-01 00:00:00
R	63cd42213bc285837b2af9db8921144b	cfe84e58ce87887f2ddf660447c3bbf0	2019-06-23 09:36:04	2017-04-25 10:59:59	2017-04-24 10:59:00	8b5d3793f6b30f12a040ff1cc202814c	4da9cbc980e644f326e42f2bc238abf3		Expat Salary				n	0/1	0/100	1970-01-01 00:00:00
R	63cd42213bc285837b2af9db8921144b	f74420dd3d60feb9bedd7a7bd32e031a	2019-06-23 09:36:04	2017-04-25 10:59:59	2017-04-24 10:59:00	8b5d3793f6b30f12a040ff1cc202814c	4da9cbc980e644f326e42f2bc238abf3		Expat Salary				n	0/1	0/100	1970-01-01 00:00:00
===== END
===== START
B	63cd42213bc285837b2af9db8921144b	044c51808f6388ca445d3399aa409d80	2019-06-23 09:36:04	2017-04-25 10:59:59	2017-04-24 10:59:00	8b5d3793f6b30f12a040ff1cc202814c	4da9cbc980e644f326e42f2bc238abf3		Expat Salary		Traditional 401k		n	0/1	0/100	1970-01-01 00:00:00
B	63cd42213bc285837b2af9db8921144b	04c27e693b5441c2f71fdcdde86d9043	2019-06-23 09:36:04	2017-04-25 10:59:59	2017-04-24 10:59:00	8b5d3793f6b30f12a040ff1cc202814c	4da9cbc980e644f326e42f2bc238abf3		Expat Salary				n	0/1	0/100	1970-01-01 00:00:00
B	63cd42213bc285837b2af9db8921144b	1faa908a8dd9c0cedb7f89c1486ab3ef	2019-06-23 09:36:04	2017-04-25 10:59:59	2017-04-24 10:59:00	8b5d3793f6b30f12a040ff1cc202814c	4da9cbc980e644f326e42f2bc238abf3		Expat Salary				n	0/1	0/100	1970-01-01 00:00:00
B	63cd42213bc285837b2af9db8921144b	2e95d3ec8cc1726c69c9ef3a835b5262	2019-06-23 09:36:04	2017-04-25 10:59:59	2017-04-24 10:59:00	8b5d3793f6b30f12a040ff1cc202814c	4da9cbc980e644f326e42f2bc238abf3		Expat Salary				n	0/1	0/100	1970-01-01 00:00:00
B	63cd42213bc285837b2af9db8921144b	3d0d7fc5a940a3d4d4381ea279282628	2019-06-23 09:36:04	2017-04-25 10:59:59	2017-04-24 10:59:00	8b5d3793f6b30f12a040ff1cc202814c	4da9cbc980e644f326e42f2bc238abf3		Expat Salary				n	0/1	0/100	1970-01-01 00:00:00
B	63cd42213bc285837b2af9db8921144b	6363791e38712d3b9d943e6f006b567f	2019-06-23 09:36:04	2017-04-25 10:59:59	2017-04-24 10:59:00	8b5d3793f6b30f12a040ff1cc202814c	4da9cbc980e644f326e42f2bc238abf3		Expat Salary		housing norm		n	0/1	0/100	1970-01-01 00:00:00
B	63cd42213bc285837b2af9db8921144b	a3e161e6998d0dddde644456e8b2ead5	2019-06-23 09:36:04	2017-04-25 10:59:59	2017-04-24 10:59:00	8b5d3793f6b30f12a040ff1cc202814c	4da9cbc980e644f326e42f2bc238abf3		Expat Salary				n	0/1	0/100	1970-01-01 00:00:00
B	63cd42213bc285837b2af9db8921144b	abdec2b15525552024087713356ab38f	2019-06-23 09:36:04	2017-04-25 10:59:59	2017-04-24 10:59:00	8b5d3793f6b30f12a040ff1cc202814c	4da9cbc980e644f326e42f2bc238abf3		Expat Salary				n	0/1	0/100	1970-01-01 00:00:00
B	63cd42213bc285837b2af9db8921144b	cfe84e58ce87887f2ddf660447c3bbf0	2019-06-23 09:36:04	2017-04-25 10:59:59	2017-04-24 10:59:00	8b5d3793f6b30f12a040ff1cc202814c	4da9cbc980e644f326e42f2bc238abf3		Expat Salary				n	0/1	0/100	1970-01-01 00:00:00
B	63cd42213bc285837b2af9db8921144b	f74420dd3d60feb9bedd7a7bd32e031a	2019-06-23 09:36:04	2017-04-25 10:59:59	2017-04-24 10:59:00	8b5d3793f6b30f12a040ff1cc202814c	4da9cbc980e644f326e42f2bc238abf3		Expat Salary				n	0/1	0/100	1970-01-01 00:00:00
===== END
===== START
R	63cd42213bc285837b2af9db8921144b	044c51808f6388ca445d3399aa409d80	2019-06-23 09:36:04	2017-04-25 10:59:59	2017-04-24 10:59:00	8b5d3793f6b30f12a040ff1cc202814c	4da9cbc980e644f326e42f2bc238abf3		Expat Salary		Traditional 401k		n	0/1	0/100	1970-01-01 00:00:00
R	63cd42213bc285837b2af9db8921144b	04c27e693b5441c2f71fdcdde86d9043	2019-06-23 09:36:04	2017-04-25 10:59:59	2017-04-24 10:59:00	8b5d3793f6b30f12a040ff1cc202814c	4da9cbc980e644f326e42f2bc238abf3		Expat Salary				n	0/1	0/100	1970-01-01 00:00:00
R	63cd42213bc285837b2af9db8921144b	1faa908a8dd9c0cedb7f89c1486ab3ef	2019-06-23 09:36:04	2017-04-25 10:59:59	2017-04-24 10:59:00	8b5d3793f6b30f12a040ff1cc202814c	4da9cbc980e644f326e42f2bc238abf3		Expat Salary				n	0/1	0/100	1970-01-01 00:00:00
R	63cd42213bc285837b2af9db8921144b	2e95d3ec8cc1726c69c9ef3a835b5262	2019-06-23 09:36:04	2017-04-25 10:59:59	2017-04-24 10:59:00	8b5d3793f6b30f12a040ff1cc202814c	4da9cbc980e644f326e42f2bc238abf3		Expat Salary				n	0/1	0/100	1970-01-01 00:00:00
R	63cd42213bc285837b2af9db8921144b	3d0d7fc5a940a3d4d4381ea279282628	2019-06-23 09:36:04	2017-04-25 10:59:59	2017-04-24 10:59:00	8b5d3793f6b30f12a040ff1cc202814c	4da9cbc980e644f326e42f2bc238abf3		Expat Salary				n	0/1	0/100	1970-01-01 00:00:00
R	63cd42213bc285837b2af9db8921144b	6363791e38712d3b9d943e6f006b567f	2019-06-23 09:36:04	2017-04-25 10:59:59	2017-04-24 10:59:00	8b5d3793f6b30f12a040ff1cc202814c	4da9cbc980e644f326e42f2bc238abf3		Expat Salary		housing norm		n	0/1	0/100	1970-01-01 00:00:00
R	63cd42213bc285837b2af9db8921144b	a3e161e6998d0dddde644456e8b2ead5	2019-06-23 09:36:04	2017-04-25 10:59:59	2017-04-24 10:59:00	8b5d3793f6b30f12a040ff1cc202814c	4da9cbc980e644f326e42f2bc238abf3		Expat Salary				n	0/1	0/100	1970-01-01 00:00:00
R	63cd42213bc285837b2af9db8921144b	abdec2b15525552024087713356ab38f	2019-06-23 09:36:04	2017-04-25 10:59:59	2017-04-24 10:59:00	8b5d3793f6b30f12a040ff1cc202814c	4da9cbc980e644f326e42f2bc238abf3		Expat Salary				n	0/1	0/100	1970-01-01 00:00:00
R	63cd42213bc285837b2af9db8921144b	cfe84e58ce87887f2ddf660447c3bbf0	2019-06-23 09:36:04	2017-04-25 10:59:59	2017-04-24 10:59:00	8b5d3793f6b30f12a040ff1cc202814c	4da9cbc980e644f326e42f2bc238abf3		Expat Salary				n	0/1	0/100	1970-01-01 00:00:00
R	63cd42213bc285837b2af9db8921144b	f74420dd3d60feb9bedd7a7bd32e031a	2019-06-23 09:36:04	2017-04-25 10:59:59	2017-04-24 10:59:00	8b5d3793f6b30f12a040ff1cc202814c	4da9cbc980e644f326e42f2bc238abf3		Expat Salary				n	0/1	0/100	1970-01-01 00:00:00
===== END
===== START
B	63cd42213bc285837b2af9db8921144b	044c51808f6388ca445d3399aa409d80	2019-06-23 09:36:04	2017-04-25 10:59:59	2017-04-24 10:59:00	8b5d3793f6b30f12a040ff1cc202814c	4da9cbc980e644f326e42f2bc238abf3		Expat Salary		Traditional 401k		n	0/1	0/100	1970-01-01 00:00:00
B	63cd42213bc285837b2af9db8921144b	04c27e693b5441c2f71fdcdde86d9043	2019-06-23 09:36:04	2017-04-25 10:59:59	2017-04-24 10:59:00	8b5d3793f6b30f12a040ff1cc202814c	4da9cbc980e644f326e42f2bc238abf3		Expat Salary				n	0/1	0/100	1970-01-01 00:00:00
B	63cd42213bc285837b2af9db8921144b	1faa908a8dd9c0cedb7f89c1486ab3ef	2019-06-23 09:36:04	2017-04-25 10:59:59	2017-04-24 10:59:00	8b5d3793f6b30f12a040ff1cc202814c	4da9cbc980e644f326e42f2bc238abf3		Expat Salary				n	0/1	0/100	1970-01-01 00:00:00
B	63cd42213bc285837b2af9db8921144b	2e95d3ec8cc1726c69c9ef3a835b5262	2019-06-23 09:36:04	2017-04-25 10:59:59	2017-04-24 10:59:00	8b5d3793f6b30f12a040ff1cc202814c	4da9cbc980e644f326e42f2bc238abf3		Expat Salary				n	0/1	0/100	1970-01-01 00:00:00
B	63cd42213bc285837b2af9db8921144b	3d0d7fc5a940a3d4d4381ea279282628	2019-06-23 09:36:04	2017-04-25 10:59:59	2017-04-24 10:59:00	8b5d3793f6b30f12a040ff1cc202814c	4da9cbc980e644f326e42f2bc238abf3		Expat Salary				n	0/1	0/100	1970-01-01 00:00:00
B	63cd42213bc285837b2af9db8921144b	6363791e38712d3b9d943e6f006b567f	2019-06-23 09:36:04	2017-04-25 10:59:59	2017-04-24 10:59:00	8b5d3793f6b30f12a040ff1cc202814c	4da9cbc980e644f326e42f2bc238abf3		Expat Salary		housing norm		n	0/1	0/100	1970-01-01 00:00:00
B	63cd42213bc285837b2af9db8921144b	a3e161e6998d0dddde644456e8b2ead5	2019-06-23 09:36:04	2017-04-25 10:59:59	2017-04-24 10:59:00	8b5d3793f6b30f12a040ff1cc202814c	4da9cbc980e644f326e42f2bc238abf3		Expat Salary				n	0/1	0/100	1970-01-01 00:00:00
B	63cd42213bc285837b2af9db8921144b	abdec2b15525552024087713356ab38f	2019-06-23 09:36:04	2017-04-25 10:59:59	2017-04-24 10:59:00	8b5d3793f6b30f12a040ff1cc202814c	4da9cbc980e644f326e42f2bc238abf3		Expat Salary				n	0/1	0/100	1970-01-01 00:00:00
B	63cd42213bc285837b2af9db8921144b	cfe84e58ce87887f2ddf660447c3bbf0	2019-06-23 09:36:04	2017-04-25 10:59:59	2017-04-24 10:59:00	8b5d3793f6b30f12a040ff1cc202814c	4da9cbc980e644f326e42f2bc238abf3		Expat Salary				n	0/1	0/100	1970-01-01 00:00:00
B	63cd42213bc285837b2af9db8921144b	f74420dd3d60feb9bedd7a7bd32e031a	2019-06-23 09:36:04	2017-04-25 10:59:59	2017-04-24 10:59:00	8b5d3793f6b30f12a040ff1cc202814c	4da9cbc980e644f326e42f2bc238abf3		Expat Salary				n	0/1	0/100	1970-01-01 00:00:00
===== END
===== START
R	63cd42213bc285837b2af9db8921144b	044c51808f6388ca445d3399aa409d80	2019-06-23 09:36:04	2017-04-25 10:59:59	2017-04-24 10:59:00	8b5d3793f6b30f12a040ff1cc202814c	4da9cbc980e644f326e42f2bc238abf3		Expat Salary		Traditional 401k		n	0/1	0/100	1970-01-01 00:00:00
R	63cd42213bc285837b2af9db8921144b	04c27e693b5441c2f71fdcdde86d9043	2019-06-23 09:36:04	2017-04-25 10:59:59	2017-04-24 10:59:00	8b5d3793f6b30f12a040ff1cc202814c	4da9cbc980e644f326e42f2bc238abf3		Expat Salary				n	0/1	0/100	1970-01-01 00:00:00
R	63cd42213bc285837b2af9db8921144b	1faa908a8dd9c0cedb7f89c1486ab3ef	2019-06-23 09:36:04	2017-04-25 10:59:59	2017-04-24 10:59:00	8b5d3793f6b30f12a040ff1cc202814c	4da9cbc980e644f326e42f2bc238abf3		Expat Salary				n	0/1	0/100	1970-01-01 00:00:00
R	63cd42213bc285837b2af9db8921144b	2e95d3ec8cc1726c69c9ef3a835b5262	2019-06-23 09:36:04	2017-04-25 10:59:59	2017-04-24 10:59:00	8b5d3793f6b30f12a040ff1cc202814c	4da9cbc980e644f326e42f2bc238abf3		Expat Salary				n	0/1	0/100	1970-01-01 00:00:00
R	63cd42213bc285837b2af9db8921144b	3d0d7fc5a940a3d4d4381ea279282628	2019-06-23 09:36:04	2017-04-25 10:59:59	2017-04-24 10:59:00	8b5d3793f6b30f12a040ff1cc202814c	4da9cbc980e644f326e42f2bc238abf3		Expat Salary				n	0/1	0/100	1970-01-01 00:00:00
R	63cd42213bc285837b2af9db8921144b	6363791e38712d3b9d943e6f006b567f	2019-06-23 09:36:04	2017-04-25 10:59:59	2017-04-24 10:59:00	8b5d3793f6b30f12a040ff1cc202814c	4da9cbc980e644f326e42f2bc238abf3		Expat Salary		housing norm		n	0/1	0/100	1970-01-01 00:00:00
R	63cd42213bc285837b2af9db8921144b	a3e161e6998d0dddde644456e8b2ead5	2019-06-23 09:36:04	2017-04-25 10:59:59	2017-04-24 10:59:00	8b5d3793f6b30f12a040ff1cc202814c	4da9cbc980e644f326e42f2bc238abf3		Expat Salary				n	0/1	0/100	1970-01-01 00:00:00
R	63cd42213bc285837b2af9db8921144b	abdec2b15525552024087713356ab38f	2019-06-23 09:36:04	2017-04-25 10:59:59	2017-04-24 10:59:00	8b5d3793f6b30f12a040ff1cc202814c	4da9cbc980e644f326e42f2bc238abf3		Expat Salary				n	0/1	0/100	1970-01-01 00:00:00
R	63cd42213bc285837b2af9db8921144b	cfe84e58ce87887f2ddf660447c3bbf0	2019-06-23 09:36:04	2017-04-25 10:59:59	2017-04-24 10:59:00	8b5d3793f6b30f12a040ff1cc202814c	4da9cbc980e644f326e42f2bc238abf3		Expat Salary				n	0/1	0/100	1970-01-01 00:00:00
R	63cd42213bc285837b2af9db8921144b	f74420dd3d60feb9bedd7a7bd32e031a	2019-06-23 09:36:04	2017-04-25 10:59:59	2017-04-24 10:59:00	8b5d3793f6b30f12a040ff1cc202814c	4da9cbc980e644f326e42f2bc238abf3		Expat Salary				n	0/1	0/100	1970-01-01 00:00:00
===== END
===== START
B	63cd42213bc285837b2af9db8921144b	044c51808f6388ca445d3399aa409d80	2019-06-23 09:36:04	2017-04-25 10:59:59	2017-04-24 10:59:00	8b5d3793f6b30f12a040ff1cc202814c	4da9cbc980e644f326e42f2bc238abf3		Expat Salary		Traditional 401k		n	0/1	0/100	1970-01-01 00:00:00
B	63cd42213bc285837b2af9db8921144b	04c27e693b5441c2f71fdcdde86d9043	2019-06-23 09:36:04	2017-04-25 10:59:59	2017-04-24 10:59:00	8b5d3793f6b30f12a040ff1cc202814c	4da9cbc980e644f326e42f2bc238abf3		Expat Salary				n	0/1	0/100	1970-01-01 00:00:00
B	63cd42213bc285837b2af9db8921144b	1faa908a8dd9c0cedb7f89c1486ab3ef	2019-06-23 09:36:04	2017-04-25 10:59:59	2017-04-24 10:59:00	8b5d3793f6b30f12a040ff1cc202814c	4da9cbc980e644f326e42f2bc238abf3		Expat Salary				n	0/1	0/100	1970-01-01 00:00:00
B	63cd42213bc285837b2af9db8921144b	2e95d3ec8cc1726c69c9ef3a835b5262	2019-06-23 09:36:04	2017-04-25 10:59:59	2017-04-24 10:59:00	8b5d3793f6b30f12a040ff1cc202814c	4da9cbc980e644f326e42f2bc238abf3		Expat Salary				n	0/1	0/100	1970-01-01 00:00:00
B	63cd42213bc285837b2af9db8921144b	3d0d7fc5a940a3d4d4381ea279282628	2019-06-23 09:36:04	2017-04-25 10:59:59	2017-04-24 10:59:00	8b5d3793f6b30f12a040ff1cc202814c	4da9cbc980e644f326e42f2bc238abf3		Expat Salary				n	0/1	0/100	1970-01-01 00:00:00
B	63cd42213bc285837b2af9db8921144b	6363791e38712d3b9d943e6f006b567f	2019-06-23 09:36:04	2017-04-25 10:59:59	2017-04-24 10:59:00	8b5d3793f6b30f12a040ff1cc202814c	4da9cbc980e644f326e42f2bc238abf3		Expat Salary		housing norm		n	0/1	0/100	1970-01-01 00:00:00
B	63cd42213bc285837b2af9db8921144b	a3e161e6998d0dddde644456e8b2ead5	2019-06-23 09:36:04	2017-04-25 10:59:59	2017-04-24 10:59:00	8b5d3793f6b30f12a040ff1cc202814c	4da9cbc980e644f326e42f2bc238abf3		Expat Salary				n	0/1	0/100	1970-01-01 00:00:00
B	63cd42213bc285837b2af9db8921144b	abdec2b15525552024087713356ab38f	2019-06-23 09:36:04	2017-04-25 10:59:59	2017-04-24 10:59:00	8b5d3793f6b30f12a040ff1cc202814c	4da9cbc980e644f326e42f2bc238abf3		Expat Salary				n	0/1	0/100	1970-01-01 00:00:00
B	63cd42213bc285837b2af9db8921144b	cfe84e58ce87887f2ddf660447c3bbf0	2019-06-23 09:36:04	2017-04-25 10:59:59	2017-04-24 10:59:00	8b5d3793f6b30f12a040ff1cc202814c	4da9cbc980e644f326e42f2bc238abf3		Expat Salary				n	0/1	0/100	1970-01-01 00:00:00
B	63cd42213bc285837b2af9db8921144b	f74420dd3d60feb9bedd7a7bd32e031a	2019-06-23 09:36:04	2017-04-25 10:59:59	2017-04-24 10:59:00	8b5d3793f6b30f12a040ff1cc202814c	4da9cbc980e644f326e42f2bc238abf3		Expat Salary				n	0/1	0/100	1970-01-01 00:00:00
===== END
===== START
R	63cd42213bc285837b2af9db8921144b	044c51808f6388ca445d3399aa409d80	2019-06-23 09:36:04	2017-04-25 10:59:59	2017-04-24 10:59:00	8b5d3793f6b30f12a040ff1cc202814c	4da9cbc980e644f326e42f2bc238abf3		Expat Salary		Traditional 401k		n	0/1	0/100	1970-01-01 00:00:00
R	63cd42213bc285837b2af9db8921144b	04c27e693b5441c2f71fdcdde86d9043	2019-06-23 09:36:04	2017-04-25 10:59:59	2017-04-24 10:59:00	8b5d3793f6b30f12a040ff1cc202814c	4da9cbc980e644f326e42f2bc238abf3		Expat Salary				n	0/1	0/100	1970-01-01 00:00:00
R	63cd42213bc285837b2af9db8921144b	1faa908a8dd9c0cedb7f89c1486ab3ef	2019-06-23 09:36:04	2017-04-25 10:59:59	2017-04-24 10:59:00	8b5d3793f6b30f12a040ff1cc202814c	4da9cbc980e644f326e42f2bc238abf3		Expat Salary				n	0/1	0/100	1970-01-01 00:00:00
R	63cd42213bc285837b2af9db8921144b	2e95d3ec8cc1726c69c9ef3a835b5262	2019-06-23 09:36:04	2017-04-25 10:59:59	2017-04-24 10:59:00	8b5d3793f6b30f12a040ff1cc202814c	4da9cbc980e644f326e42f2bc238abf3		Expat Salary				n	0/1	0/100	1970-01-01 00:00:00
R	63cd42213bc285837b2af9db8921144b	3d0d7fc5a940a3d4d4381ea279282628	2019-06-23 09:36:04	2017-04-25 10:59:59	2017-04-24 10:59:00	8b5d3793f6b30f12a040ff1cc202814c	4da9cbc980e644f326e42f2bc238abf3		Expat Salary				n	0/1	0/100	1970-01-01 00:00:00
R	63cd42213bc285837b2af9db8921144b	6363791e38712d3b9d943e6f006b567f	2019-06-23 09:36:04	2017-04-25 10:59:59	2017-04-24 10:59:00	8b5d3793f6b30f12a040ff1cc202814c	4da9cbc980e644f326e42f2bc238abf3		Expat Salary		housing norm		n	0/1	0/100	1970-01-01 00:00:00
R	63cd42213bc285837b2af9db8921144b	a3e161e6998d0dddde644456e8b2ead5	2019-06-23 09:36:04	2017-04-25 10:59:59	2017-04-24 10:59:00	8b5d3793f6b30f12a040ff1cc202814c	4da9cbc980e644f326e42f2bc238abf3		Expat Salary				n	0/1	0/100	1970-01-01 00:00:00
R	63cd42213bc285837b2af9db8921144b	abdec2b15525552024087713356ab38f	2019-06-23 09:36:04	2017-04-25 10:59:59	2017-04-24 10:59:00	8b5d3793f6b30f12a040ff1cc202814c	4da9cbc980e644f326e42f2bc238abf3		Expat Salary				n	0/1	0/100	1970-01-01 00:00:00
R	63cd42213bc285837b2af9db8921144b	cfe84e58ce87887f2ddf660447c3bbf0	2019-06-23 09:36:04	2017-04-25 10:59:59	2017-04-24 10:59:00	8b5d3793f6b30f12a040ff1cc202814c	4da9cbc980e644f326e42f2bc238abf3		Expat Salary				n	0/1	0/100	1970-01-01 00:00:00
R	63cd42213bc285837b2af9db8921144b	f74420dd3d60feb9bedd7a7bd32e031a	2019-06-23 09:36:04	2017-04-25 10:59:59	2017-04-24 10:59:00	8b5d3793f6b30f12a040ff1cc202814c	4da9cbc980e644f326e42f2bc238abf3		Expat Salary				n	0/1	0/100	1970-01-01 00:00:00
===== END
===== START
B	63cd42213bc285837b2af9db8921144b	044c51808f6388ca445d3399aa409d80	2019-06-23 09:36:04	2017-04-25 10:59:59	2017-04-24 10:59:00	8b5d3793f6b30f12a040ff1cc202814c	4da9cbc980e644f326e42f2bc238abf3		Expat Salary		Traditional 401k		n	0/1	0/100	1970-01-01 00:00:00
B	63cd42213bc285837b2af9db8921144b	04c27e693b5441c2f71fdcdde86d9043	2019-06-23 09:36:04	2017-04-25 10:59:59	2017-04-24 10:59:00	8b5d3793f6b30f12a040ff1cc202814c	4da9cbc980e644f326e42f2bc238abf3		Expat Salary				n	0/1	0/100	1970-01-01 00:00:00
B	63cd42213bc285837b2af9db8921144b	1faa908a8dd9c0cedb7f89c1486ab3ef	2019-06-23 09:36:04	2017-04-25 10:59:59	2017-04-24 10:59:00	8b5d3793f6b30f12a040ff1cc202814c	4da9cbc980e644f326e42f2bc238abf3		Expat Salary				n	0/1	0/100	1970-01-01 00:00:00
B	63cd42213bc285837b2af9db8921144b	2e95d3ec8cc1726c69c9ef3a835b5262	2019-06-23 09:36:04	2017-04-25 10:59:59	2017-04-24 10:59:00	8b5d3793f6b30f12a040ff1cc202814c	4da9cbc980e644f326e42f2bc238abf3		Expat Salary				n	0/1	0/100	1970-01-01 00:00:00
B	63cd42213bc285837b2af9db8921144b	3d0d7fc5a940a3d4d4381ea279282628	2019-06-23 09:36:04	2017-04-25 10:59:59	2017-04-24 10:59:00	8b5d3793f6b30f12a040ff1cc202814c	4da9cbc980e644f326e42f2bc238abf3		Expat Salary				n	0/1	0/100	1970-01-01 00:00:00
B	63cd42213bc285837b2af9db8921144b	6363791e38712d3b9d943e6f006b567f	2019-06-23 09:36:04	2017-04-25 10:59:59	2017-04-24 10:59:00	8b5d3793f6b30f12a040ff1cc202814c	4da9cbc980e644f326e42f2bc238abf3		Expat Salary		housing norm		n	0/1	0/100	1970-01-01 00:00:00
B	63cd42213bc285837b2af9db8921144b	a3e161e6998d0dddde644456e8b2ead5	2019-06-23 09:36:04	2017-04-25 10:59:59	2017-04-24 10:59:00	8b5d3793f6b30f12a040ff1cc202814c	4da9cbc980e644f326e42f2bc238abf3		Expat Salary				n	0/1	0/100	1970-01-01 00:00:00
B	63cd42213bc285837b2af9db8921144b	abdec2b15525552024087713356ab38f	2019-06-23 09:36:04	2017-04-25 10:59:59	2017-04-24 10:59:00	8b5d3793f6b30f12a040ff1cc202814c	4da9cbc980e644f326e42f2bc238abf3		Expat Salary				n	0/1	0/100	1970-01-01 00:00:00
B	63cd42213bc285837b2af9db8921144b	cfe84e58ce87887f2ddf660447c3bbf0	2019-06-23 09:36:04	2017-04-25 10:59:59	2017-04-24 10:59:00	8b5d3793f6b30f12a040ff1cc202814c	4da9cbc980e644f326e42f2bc238abf3		Expat Salary				n	0/1	0/100	1970-01-01 00:00:00
B	63cd42213bc285837b2af9db8921144b	f74420dd3d60feb9bedd7a7bd32e031a	2019-06-23 09:36:04	2017-04-25 10:59:59	2017-04-24 10:59:00	8b5d3793f6b30f12a040ff1cc202814c	4da9cbc980e644f326e42f2bc238abf3		Expat Salary				n	0/1	0/100	1970-01-01 00:00:00
===== END
===== START
R	63cd42213bc285837b2af9db8921144b	044c51808f6388ca445d3399aa409d80	2019-06-23 09:36:04	2017-04-25 10:59:59	2017-04-24 10:59:00	8b5d3793f6b30f12a040ff1cc202814c	4da9cbc980e644f326e42f2bc238abf3		Expat Salary		Traditional 401k		n	0/1	0/100	1970-01-01 00:00:00
R	63cd42213bc285837b2af9db8921144b	04c27e693b5441c2f71fdcdde86d9043	2019-06-23 09:36:04	2017-04-25 10:59:59	2017-04-24 10:59:00	8b5d3793f6b30f12a040ff1cc202814c	4da9cbc980e644f326e42f2bc238abf3		Expat Salary				n	0/1	0/100	1970-01-01 00:00:00
R	63cd42213bc285837b2af9db8921144b	1faa908a8dd9c0cedb7f89c1486ab3ef	2019-06-23 09:36:04	2017-04-25 10:59:59	2017-04-24 10:59:00	8b5d3793f6b30f12a040ff1cc202814c	4da9cbc980e644f326e42f2bc238abf3		Expat Salary				n	0/1	0/100	1970-01-01 00:00:00
R	63cd42213bc285837b2af9db8921144b	2e95d3ec8cc1726c69c9ef3a835b5262	2019-06-23 09:36:04	2017-04-25 10:59:59	2017-04-24 10:59:00	8b5d3793f6b30f12a040ff1cc202814c	4da9cbc980e644f326e42f2bc238abf3		Expat Salary				n	0/1	0/100	1970-01-01 00:00:00
R	63cd42213bc285837b2af9db8921144b	3d0d7fc5a940a3d4d4381ea279282628	2019-06-23 09:36:04	2017-04-25 10:59:59	2017-04-24 10:59:00	8b5d3793f6b30f12a040ff1cc202814c	4da9cbc980e644f326e42f2bc238abf3		Expat Salary				n	0/1	0/100	1970-01-01 00:00:00
R	63cd42213bc285837b2af9db8921144b	6363791e38712d3b9d943e6f006b567f	2019-06-23 09:36:04	2017-04-25 10:59:59	2017-04-24 10:59:00	8b5d3793f6b30f12a040ff1cc202814c	4da9cbc980e644f326e42f2bc238abf3		Expat Salary		housing norm		n	0/1	0/100	1970-01-01 00:00:00
R	63cd42213bc285837b2af9db8921144b	a3e161e6998d0dddde644456e8b2ead5	2019-06-23 09:36:04	2017-04-25 10:59:59	2017-04-24 10:59:00	8b5d3793f6b30f12a040ff1cc202814c	4da9cbc980e644f326e42f2bc238abf3		Expat Salary				n	0/1	0/100	1970-01-01 00:00:00
R	63cd42213bc285837b2af9db8921144b	abdec2b15525552024087713356ab38f	2019-06-23 09:36:04	2017-04-25 10:59:59	2017-04-24 10:59:00	8b5d3793f6b30f12a040ff1cc202814c	4da9cbc980e644f326e42f2bc238abf3		Expat Salary				n	0/1	0/100	1970-01-01 00:00:00
R	63cd42213bc285837b2af9db8921144b	cfe84e58ce87887f2ddf660447c3bbf0	2019-06-23 09:36:04	2017-04-25 10:59:59	2017-04-24 10:59:00	8b5d3793f6b30f12a040ff1cc202814c	4da9cbc980e644f326e42f2bc238abf3		Expat Salary				n	0/1	0/100	1970-01-01 00:00:00
R	63cd42213bc285837b2af9db8921144b	f74420dd3d60feb9bedd7a7bd32e031a	2019-06-23 09:36:04	2017-04-25 10:59:59	2017-04-24 10:59:00	8b5d3793f6b30f12a040ff1cc202814c	4da9cbc980e644f326e42f2bc238abf3		Expat Salary				n	0/1	0/100	1970-01-01 00:00:00
===== END
===== START
B	63cd42213bc285837b2af9db8921144b	044c51808f6388ca445d3399aa409d80	2019-06-23 09:36:04	2017-04-25 10:59:59	2017-04-24 10:59:00	8b5d3793f6b30f12a040ff1cc202814c	4da9cbc980e644f326e42f2bc238abf3		Expat Salary		Traditional 401k		n	0/1	0/100	1970-01-01 00:00:00
B	63cd42213bc285837b2af9db8921144b	04c27e693b5441c2f71fdcdde86d9043	2019-06-23 09:36:04	2017-04-25 10:59:59	2017-04-24 10:59:00	8b5d3793f6b30f12a040ff1cc202814c	4da9cbc980e644f326e42f2bc238abf3		Expat Salary				n	0/1	0/100	1970-01-01 00:00:00
B	63cd42213bc285837b2af9db8921144b	1faa908a8dd9c0cedb7f89c1486ab3ef	2019-06-23 09:36:04	2017-04-25 10:59:59	2017-04-24 10:59:00	8b5d3793f6b30f12a040ff1cc202814c	4da9cbc980e644f326e42f2bc238abf3		Expat Salary				n	0/1	0/100	1970-01-01 00:00:00
B	63cd42213bc285837b2af9db8921144b	2e95d3ec8cc1726c69c9ef3a835b5262	2019-06-23 09:36:04	2017-04-25 10:59:59	2017-04-24 10:59:00	8b5d3793f6b30f12a040ff1cc202814c	4da9cbc980e644f326e42f2bc238abf3		Expat Salary				n	0/1	0/100	1970-01-01 00:00:00
B	63cd42213bc285837b2af9db8921144b	3d0d7fc5a940a3d4d4381ea279282628	2019-06-23 09:36:04	2017-04-25 10:59:59	2017-04-24 10:59:00	8b5d3793f6b30f12a040ff1cc202814c	4da9cbc980e644f326e42f2bc238abf3		Expat Salary				n	0/1	0/100	1970-01-01 00:00:00
B	63cd42213bc285837b2af9db8921144b	6363791e38712d3b9d943e6f006b567f	2019-06-23 09:36:04	2017-04-25 10:59:59	2017-04-24 10:59:00	8b5d3793f6b30f12a040ff1cc202814c	4da9cbc980e644f326e42f2bc238abf3		Expat Salary		housing norm		n	0/1	0/100	1970-01-01 00:00:00
B	63cd42213bc285837b2af9db8921144b	a3e161e6998d0dddde644456e8b2ead5	2019-06-23 09:36:04	2017-04-25 10:59:59	2017-04-24 10:59:00	8b5d3793f6b30f12a040ff1cc202814c	4da9cbc980e644f326e42f2bc238abf3		Expat Salary				n	0/1	0/100	1970-01-01 00:00:00
B	63cd42213bc285837b2af9db8921144b	abdec2b15525552024087713356ab38f	2019-06-23 09:36:04	2017-04-25 10:59:59	2017-04-24 10:59:00	8b5d3793f6b30f12a040ff1cc202814c	4da9cbc980e644f326e42f2bc238abf3		Expat Salary				n	0/1	0/100	1970-01-01 00:00:00
B	63cd42213bc285837b2af9db8921144b	cfe84e58ce87887f2ddf660447c3bbf0	2019-06-23 09:36:04	2017-04-25 10:59:59	2017-04-24 10:59:00	8b5d3793f6b30f12a040ff1cc202814c	4da9cbc980e644f326e42f2bc238abf3		Expat Salary				n	0/1	0/100	1970-01-01 00:00:00
B	63cd42213bc285837b2af9db8921144b	f74420dd3d60feb9bedd7a7bd32e031a	2019-06-23 09:36:04	2017-04-25 10:59:59	2017-04-24 10:59:00	8b5d3793f6b30f12a040ff1cc202814c	4da9cbc980e644f326e42f2bc238abf3		Expat Salary				n	0/1	0/100	1970-01-01 00:00:00
===== END
===== START
R	63cd42213bc285837b2af9db8921144b	044c51808f6388ca445d3399aa409d80	2019-06-23 09:36:04	2017-04-25 10:59:59	2017-04-24 10:59:00	8b5d3793f6b30f12a040ff1cc202814c	4da9cbc980e644f326e42f2bc238abf3		Expat Salary		Traditional 401k		n	0/1	0/100	1970-01-01 00:00:00
R	63cd42213bc285837b2af9db8921144b	04c27e693b5441c2f71fdcdde86d9043	2019-06-23 09:36:04	2017-04-25 10:59:59	2017-04-24 10:59:00	8b5d3793f6b30f12a040ff1cc202814c	4da9cbc980e644f326e42f2bc238abf3		Expat Salary				n	0/1	0/100	1970-01-01 00:00:00
R	63cd42213bc285837b2af9db8921144b	1faa908a8dd9c0cedb7f89c1486ab3ef	2019-06-23 09:36:04	2017-04-25 10:59:59	2017-04-24 10:59:00	8b5d3793f6b30f12a040ff1cc202814c	4da9cbc980e644f326e42f2bc238abf3		Expat Salary				n	0/1	0/100	1970-01-01 00:00:00
R	63cd42213bc285837b2af9db8921144b	2e95d3ec8cc1726c69c9ef3a835b5262	2019-06-23 09:36:04	2017-04-25 10:59:59	2017-04-24 10:59:00	8b5d3793f6b30f12a040ff1cc202814c	4da9cbc980e644f326e42f2bc238abf3		Expat Salary				n	0/1	0/100	1970-01-01 00:00:00
R	63cd42213bc285837b2af9db8921144b	3d0d7fc5a940a3d4d4381ea279282628	2019-06-23 09:36:04	2017-04-25 10:59:59	2017-04-24 10:59:00	8b5d3793f6b30f12a040ff1cc202814c	4da9cbc980e644f326e42f2bc238abf3		Expat Salary				n	0/1	0/100	1970-01-01 00:00:00
R	63cd42213bc285837b2af9db8921144b	6363791e38712d3b9d943e6f006b567f	2019-06-23 09:36:04	2017-04-25 10:59:59	2017-04-24 10:59:00	8b5d3793f6b30f12a040ff1cc202814c	4da9cbc980e644f326e42f2bc238abf3		Expat Salary		housing norm		n	0/1	0/100	1970-01-01 00:00:00
R	63cd42213bc285837b2af9db8921144b	a3e161e6998d0dddde644456e8b2ead5	2019-06-23 09:36:04	2017-04-25 10:59:59	2017-04-24 10:59:00	8b5d3793f6b30f12a040ff1cc202814c	4da9cbc980e644f326e42f2bc238abf3		Expat Salary				n	0/1	0/100	1970-01-01 00:00:00
R	63cd42213bc285837b2af9db8921144b	abdec2b15525552024087713356ab38f	2019-06-23 09:36:04	2017-04-25 10:59:59	2017-04-24 10:59:00	8b5d3793f6b30f12a040ff1cc202814c	4da9cbc980e644f326e42f2bc238abf3		Expat Salary				n	0/1	0/100	1970-01-01 00:00:00
R	63cd42213bc285837b2af9db8921144b	cfe84e58ce87887f2ddf660447c3bbf0	2019-06-23 09:36:04	2017-04-25 10:59:59	2017-04-24 10:59:00	8b5d3793f6b30f12a040ff1cc202814c	4da9cbc980e644f326e42f2bc238abf3		Expat Salary				n	0/1	0/100	1970-01-01 00:00:00
R	63cd42213bc285837b2af9db8921144b	f74420dd3d60feb9bedd7a7bd32e031a	2019-06-23 09:36:04	2017-04-25 10:59:59	2017-04-24 10:59:00	8b5d3793f6b30f12a040ff1cc202814c	4da9cbc980e644f326e42f2bc238abf3		Expat Salary				n	0/1	0/100	1970-01-01 00:00:00
===== END
===== START
B	9777398fcf343eb648de1c0c29f43186	38cbdda582b097f3f4703dac0088fe50	2019-06-23 09:36:04	2018-02-25 22:59:36	2018-02-25 10:59:00	9f17b6d411d096006835cd557d1ed782	20e94316abe35005251265b928b59e98		Rockstar Finance VIB Bronze Advertising				n	0/1	0/100	1970-01-01 00:00:00
B	9777398fcf343eb648de1c0c29f43186	9a08be5288e85f8832a06dfd4faae94a	2019-06-23 09:36:04	2018-02-25 22:59:36	2018-02-25 10:59:00	9f17b6d411d096006835cd557d1ed782	20e94316abe35005251265b928b59e98		Rockstar Finance VIB Bronze Advertising				n	0/1	0/100	1970-01-01 00:00:00
===== END
===== START
R	9777398fcf343eb648de1c0c29f43186	38cbdda582b097f3f4703dac0088fe50	2019-06-23 09:36:04	2018-02-25 22:59:36	2018-02-25 10:59:00	9f17b6d411d096006835cd557d1ed782	20e94316abe35005251265b928b59e98		Rockstar Finance VIB Bronze Advertising				n	0/1	0/100	1970-01-01 00:00:00
R	9777398fcf343eb648de1c0c29f43186	9a08be5288e85f8832a06dfd4faae94a	2019-06-23 09:36:04	2018-02-25 22:59:36	2018-02-25 10:59:00	9f17b6d411d096006835cd557d1ed782	20e94316abe35005251265b928b59e98		Rockstar Finance VIB Bronze Advertising				n	0/1	0/100	1970-01-01 00:00:00
===== END
===== START
B	9777398fcf343eb648de1c0c29f43186	38cbdda582b097f3f4703dac0088fe50	2019-06-23 09:36:04	2018-02-25 22:59:36	2018-02-25 10:59:00	9f17b6d411d096006835cd557d1ed782	20e94316abe35005251265b928b59e98		Rockstar Finance VIB Bronze Advertising				n	0/1	0/100	1970-01-01 00:00:00
B	9777398fcf343eb648de1c0c29f43186	9a08be5288e85f8832a06dfd4faae94a	2019-06-23 09:36:04	2018-02-25 22:59:36	2018-02-25 10:59:00	9f17b6d411d096006835cd557d1ed782	20e94316abe35005251265b928b59e98		Rockstar Finance VIB Bronze Advertising				n	0/1	0/100	1970-01-01 00:00:00
===== END
===== START
R	9777398fcf343eb648de1c0c29f43186	38cbdda582b097f3f4703dac0088fe50	2019-06-23 09:36:04	2018-02-25 22:59:36	2018-02-25 10:59:00	9f17b6d411d096006835cd557d1ed782	20e94316abe35005251265b928b59e98		Rockstar Finance VIB Bronze Advertising				n	0/1	0/100	1970-01-01 00:00:00
R	9777398fcf343eb648de1c0c29f43186	9a08be5288e85f8832a06dfd4faae94a	2019-06-23 09:36:04	2018-02-25 22:59:36	2018-02-25 10:59:00	9f17b6d411d096006835cd557d1ed782	20e94316abe35005251265b928b59e98		Rockstar Finance VIB Bronze Advertising				n	0/1	0/100	1970-01-01 00:00:00
===== END
===== START
B	5bb7c2c1a0505c69903c727a8400f8f3	0e25e8494e40726f5d4848349f85ad21	2019-06-23 09:36:04	2016-01-29 13:33:21	2016-01-28 10:59:00	b8dc34e50d2350b13ecf561a9edc19bc	05ef300a64a3bd142ba812b684243ccc		401k Match		401k Match		n	0/1	0/100	1970-01-01 00:00:00
B	5bb7c2c1a0505c69903c727a8400f8f3	0f72ed11b237e377d9adeb92834d9404	2019-06-23 09:36:04	2016-01-29 13:33:21	2016-01-28 10:59:00	b8dc34e50d2350b13ecf561a9edc19bc	05ef300a64a3bd142ba812b684243ccc		401k Match		401k Match		n	0/1	0/100	1970-01-01 00:00:00
===== END
===== START
R	5bb7c2c1a0505c69903c727a8400f8f3	0e25e8494e40726f5d4848349f85ad21	2019-06-23 09:36:04	2016-01-29 13:33:21	2016-01-28 10:59:00	b8dc34e50d2350b13ecf561a9edc19bc	05ef300a64a3bd142ba812b684243ccc		401k Match		401k Match		n	0/1	0/100	1970-01-01 00:00:00
R	5bb7c2c1a0505c69903c727a8400f8f3	0f72ed11b237e377d9adeb92834d9404	2019-06-23 09:36:04	2016-01-29 13:33:21	2016-01-28 10:59:00	b8dc34e50d2350b13ecf561a9edc19bc	05ef300a64a3bd142ba812b684243ccc		401k Match		401k Match		n	0/1	0/100	1970-01-01 00:00:00
===== END
===== START
B	5bb7c2c1a0505c69903c727a8400f8f3	0e25e8494e40726f5d4848349f85ad21	2019-06-23 09:36:04	2016-01-29 13:33:21	2016-01-28 10:59:00	b8dc34e50d2350b13ecf561a9edc19bc	05ef300a64a3bd142ba812b684243ccc		401k Match		401k Match		n	0/1	0/100	1970-01-01 00:00:00
B	5bb7c2c1a0505c69903c727a8400f8f3	0f72ed11b237e377d9adeb92834d9404	2019-06-23 09:36:04	2016-01-29 13:33:21	2016-01-28 10:59:00	b8dc34e50d2350b13ecf561a9edc19bc	05ef300a64a3bd142ba812b684243ccc		401k Match		401k Match		n	0/1	0/100	1970-01-01 00:00:00
===== END
===== START
R	5bb7c2c1a0505c69903c727a8400f8f3	0e25e8494e40726f5d4848349f85ad21	2019-06-23 09:36:04	2016-01-29 13:33:21	2016-01-28 10:59:00	b8dc34e50d2350b13ecf561a9edc19bc	05ef300a64a3bd142ba812b684243ccc		401k Match		401k Match		n	0/1	0/100	1970-01-01 00:00:00
R	5bb7c2c1a0505c69903c727a8400f8f3	0f72ed11b237e377d9adeb92834d9404	2019-06-23 09:36:04	2016-01-29 13:33:21	2016-01-28 10:59:00	b8dc34e50d2350b13ecf561a9edc19bc	05ef300a64a3bd142ba812b684243ccc		401k Match		401k Match		n	0/1	0/100	1970-01-01 00:00:00
===== END
===== START
B	5f115813a5c54711a320aea97ce05a86	9f3e814b5b164dfb90e77446f00dbcf6	2019-06-23 09:36:04	2019-03-08 01:54:54	2019-03-07 10:59:00	2f6b09f0c27b4c17a31cfdf9b7105b6d	e0fa727d79d448de8d73880569e1f628		Safety Wing Travel Health Insurance				n	0/1	0/100	1970-01-01 00:00:00
B	5f115813a5c54711a320aea97ce05a86	fdffaa9d296d446081b993e0f8e09fa3	2019-06-23 09:36:04	2019-03-08 01:54:54	2019-03-07 10:59:00	2f6b09f0c27b4c17a31cfdf9b7105b6d	e0fa727d79d448de8d73880569e1f628		Safety Wing Travel Health Insurance				n	0/1	0/100	1970-01-01 00:00:00
===== END
===== START
R	5f115813a5c54711a320aea97ce05a86	9f3e814b5b164dfb90e77446f00dbcf6	2019-06-23 09:36:04	2019-03-08 01:54:54	2019-03-07 10:59:00	2f6b09f0c27b4c17a31cfdf9b7105b6d	e0fa727d79d448de8d73880569e1f628		Safety Wing Travel Health Insurance				n	0/1	0/100	1970-01-01 00:00:00
R	5f115813a5c54711a320aea97ce05a86	fdffaa9d296d446081b993e0f8e09fa3	2019-06-23 09:36:04	2019-03-08 01:54:54	2019-03-07 10:59:00	2f6b09f0c27b4c17a31cfdf9b7105b6d	e0fa727d79d448de8d73880569e1f628		Safety Wing Travel Health Insurance				n	0/1	0/100	1970-01-01 00:00:00
===== END
===== START
B	5f115813a5c54711a320aea97ce05a86	9f3e814b5b164dfb90e77446f00dbcf6	2019-06-23 09:36:04	2019-03-08 01:54:54	2019-03-07 10:59:00	2f6b09f0c27b4c17a31cfdf9b7105b6d	e0fa727d79d448de8d73880569e1f628		Safety Wing Travel Health Insurance				n	0/1	0/100	1970-01-01 00:00:00
B	5f115813a5c54711a320aea97ce05a86	fdffaa9d296d446081b993e0f8e09fa3	2019-06-23 09:36:04	2019-03-08 01:54:54	2019-03-07 10:59:00	2f6b09f0c27b4c17a31cfdf9b7105b6d	e0fa727d79d448de8d73880569e1f628		Safety Wing Travel Health Insurance				n	0/1	0/100	1970-01-01 00:00:00
===== END
===== START
R	5f115813a5c54711a320aea97ce05a86	9f3e814b5b164dfb90e77446f00dbcf6	2019-06-23 09:36:04	2019-03-08 01:54:54	2019-03-07 10:59:00	2f6b09f0c27b4c17a31cfdf9b7105b6d	e0fa727d79d448de8d73880569e1f628		Safety Wing Travel Health Insurance				n	0/1	0/100	1970-01-01 00:00:00
R	5f115813a5c54711a320aea97ce05a86	fdffaa9d296d446081b993e0f8e09fa3	2019-06-23 09:36:04	2019-03-08 01:54:54	2019-03-07 10:59:00	2f6b09f0c27b4c17a31cfdf9b7105b6d	e0fa727d79d448de8d73880569e1f628		Safety Wing Travel Health Insurance				n	0/1	0/100	1970-01-01 00:00:00
===== END
===== START
===== END
===== START
C	04c8921a521c4deb9ed6b427b1f919ef	51677019b5d541b5966c65ed0d91a9f3	2019-06-23 09:36:07	2019-03-08 01:54:54	2019-03-07 10:59:00	2f6b09f0c27b4c17a31cfdf9b7105b6d	e0fa727d79d448de8d73880569e1f628		Safety Wing Travel Health Insurance				n	0/1	0/100	1970-01-01 00:00:00
C	04c8921a521c4deb9ed6b427b1f919ef	918106d511414379bce035b88c8e214d	2019-06-23 09:36:07	2019-03-08 01:54:54	2019-03-07 10:59:00	2f6b09f0c27b4c17a31cfdf9b7105b6d	e0fa727d79d448de8d73880569e1f628		Safety Wing Travel Health Insurance				n	0/1	0/100	1970-01-01 00:00:00
===== END
===== START
B	04c8921a521c4deb9ed6b427b1f919ef	51677019b5d541b5966c65ed0d91a9f3	2019-06-23 09:36:07	2019-03-08 01:54:54	2019-03-07 10:59:00	2f6b09f0c27b4c17a31cfdf9b7105b6d	e0fa727d79d448de8d73880569e1f628		Safety Wing Travel Health Insurance				n	0/1	0/100	1970-01-01 00:00:00
B	04c8921a521c4deb9ed6b427b1f919ef	918106d511414379bce035b88c8e214d	2019-06-23 09:36:07	2019-03-08 01:54:54	2019-03-07 10:59:00	2f6b09f0c27b4c17a31cfdf9b7105b6d	e0fa727d79d448de8d73880569e1f628		Safety Wing Travel Health Insurance				n	0/1	0/100	1970-01-01 00:00:00
===== END
===== START
C	04c8921a521c4deb9ed6b427b1f919ef	51677019b5d541b5966c65ed0d91a9f3	2019-06-23 09:36:07	2019-03-08 01:54:54	2019-06-02 10:59:00	750970955a9829e0d3ebfb2407235dc7	Health Insurance		Safety Wing Travel Health Insurance				n	7392/100	7392/100	1970-01-01 00:00:00
C	04c8921a521c4deb9ed6b427b1f919ef	918106d511414379bce035b88c8e214d	2019-06-23 09:36:07	2019-03-08 01:54:54	2019-06-02 10:59:00	9048cc326c8002426f9c2d0b093d2a93	Chase Freedom Unlimited		Safety Wing Travel Health Insurance				n	-7392/100	-7392/100	1970-01-01 00:00:00
===== END
===== START
===== END
===== START
D	e767834986a446468dc0d46ca409c9c9	bab9104e56044238b117888e296997c3	2019-06-23 09:37:11	2019-06-23 09:37:11	2019-06-23 10:59:00								n	0/1	0/100	1970-01-01 00:00:00
===== END
